{"name": "test_users_section", "status": "failed", "statusDetails": {"message": "AssertionError: Expected: 'new item saved successfully', Found: 'The name has already been taken.'", "trace": "driver = <selenium.webdriver.chrome.webdriver.WebDriver (session=\"4ebb387c2f51acb12ace71d31fa93261\")>\n\n    @allure.description(\"Test users section\")\n    def test_users_section(driver):\n        print(\"Start checking users section\")\n        us = UsersSectionSteps(driver)\n>       us.roles_tab_test()\n\ntests\\test_clearbuy.py:49: \n_ _ _ _ _ _ _ _ _ _ _ _ _ _ _ _ _ _ _ _ _ _ _ _ _ _ _ _ _ _ _ _ _ _ _ _ _ _ _ _ _ _ _ _ _ _ _ _ _ _ _ _ _ _ _ _ _ _ _ _ _ _ _ _ _ _ _ _ _ _ _ _ _ _ _ _ _ _ _ _ _ _ _ _ _ _ _ _ _ _ _ _ _ _ _ _ _ _ _ _ _ _ _ _ _ _ _ _ _ _ _ _ _ \npages\\users_section.py:180: in roles_tab_test\n    self.assert_word(self.get_success_notification(), \"new item saved successfully\")\n_ _ _ _ _ _ _ _ _ _ _ _ _ _ _ _ _ _ _ _ _ _ _ _ _ _ _ _ _ _ _ _ _ _ _ _ _ _ _ _ _ _ _ _ _ _ _ _ _ _ _ _ _ _ _ _ _ _ _ _ _ _ _ _ _ _ _ _ _ _ _ _ _ _ _ _ _ _ _ _ _ _ _ _ _ _ _ _ _ _ _ _ _ _ _ _ _ _ _ _ _ _ _ _ _ _ _ _ _ _ _ _ _ \n\nself = <pages.users_section.UsersSectionSteps object at 0x0000020A5C2069C0>, locator = ('xpath', \"//div[@x-data='notification(0)']\"), expected_text = 'new item saved successfully', timeout = 30\n\n    def assert_word(self, locator, expected_text, timeout=30):\n        \"\"\"Check that the element's text matches the expected text.\"\"\"\n        element = self.wait_for_visible(locator, timeout)\n        actual_text = element.text.strip()\n>       assert actual_text == expected_text, f\"Expected: '{expected_text}', Found: '{actual_text}'\"\nE       AssertionError: Expected: 'new item saved successfully', Found: 'The name has already been taken.'\n\nbase\\base_methods.py:56: AssertionError"}, "description": "Test users section", "steps": [{"name": "roles tab test", "status": "failed", "statusDetails": {"message": "AssertionError: Expected: 'new item saved successfully', Found: 'The name has already been taken.'\n", "trace": "  File \"C:\\Users\\PC\\PycharmProjects\\pythonProject\\Clearbuy-regression_tests\\pages\\users_section.py\", line 180, in roles_tab_test\n    self.assert_word(self.get_success_notification(), \"new item saved successfully\")\n  File \"C:\\Users\\PC\\PycharmProjects\\pythonProject\\Clearbuy-regression_tests\\base\\base_methods.py\", line 56, in assert_word\n    assert actual_text == expected_text, f\"Expected: '{expected_text}', Found: '{actual_text}'\"\n           ^^^^^^^^^^^^^^^^^^^^^^^^^^^^\n"}, "start": 1749208655948, "stop": 1749208658716}], "attachments": [{"name": "stdout", "source": "255e7606-67d7-4b6a-972d-d8113a7ba06c-attachment.txt", "type": "text/plain"}], "start": 1749208655948, "stop": 1749208658716, "uuid": "06759fe4-efb5-4fb6-a603-d785eea94ba5", "historyId": "7581fe9e2802c57427fe7efd55c40e6d", "testCaseId": "7581fe9e2802c57427fe7efd55c40e6d", "fullName": "tests.test_clearbuy#test_users_section", "labels": [{"name": "parentSuite", "value": "tests"}, {"name": "suite", "value": "test_clearbuy"}, {"name": "host", "value": "DESKTOP-CNNS4HO"}, {"name": "thread", "value": "11300-MainThread"}, {"name": "framework", "value": "pytest"}, {"name": "language", "value": "cpython3"}, {"name": "package", "value": "tests.test_clearbuy"}]}