{"name": "test_products_section", "status": "broken", "statusDetails": {"message": "selenium.common.exceptions.TimeoutException: Message: \nStacktrace:\n\tGetHandleVerifier [0x0xab3763+63299]\n\tGetHandleVerifier [0x0xab37a4+63364]\n\t(No symbol) [0x0x8e1113]\n\t(No symbol) [0x0x92987e]\n\t(No symbol) [0x0x929c1b]\n\t(No symbol) [0x0x972212]\n\t(No symbol) [0x0x94e5c4]\n\t(No symbol) [0x0x96fa4a]\n\t(No symbol) [0x0x94e376]\n\t(No symbol) [0x0x91d6e0]\n\t(No symbol) [0x0x91e544]\n\tGetHandleVerifier [0x0xd0e033+2531347]\n\tGetHandleVerifier [0x0xd09332+2511634]\n\tGetHandleVerifier [0x0xad9eda+220858]\n\tGetHandleVerifier [0x0xaca528+156936]\n\tGetHandleVerifier [0x0xad0c5d+183357]\n\tGetHandleVerifier [0x0xabb6c8+95912]\n\tGetHandleVerifier [0x0xabb870+96336]\n\tGetHandleVerifier [0x0xaa664a+9770]\n\tBaseThreadInitThunk [0x0x760a5d49+25]\n\tRtlInitializeExceptionChain [0x0x772dd09b+107]\n\tRtlGetAppContainerNamedObjectPath [0x0x772dd021+561]", "trace": "driver = <selenium.webdriver.chrome.webdriver.WebDriver (session=\"2eab91d0e9a5a04f7d91c502974c8378\")>\n\n    @allure.description(\"Test products section\")\n    def test_products_section(driver):\n        print(\"Start checking products section\")\n        ps = ProductsSectionSteps(driver)\n>       ps.attribute_groups_test()\n\ntests\\test_clearbuy.py:15: \n_ _ _ _ _ _ _ _ _ _ _ _ _ _ _ _ _ _ _ _ _ _ _ _ _ _ _ _ _ _ _ _ _ _ _ _ _ _ _ _ _ _ _ _ _ _ _ _ _ _ _ _ _ _ _ _ _ _ _ _ _ _ _ _ _ _ _ _ _ _ _ _ _ _ _ _ _ _ _ _ _ _ _ _ _ _ _ _ _ _ _ _ _ _ _ _ _ _ _ _ _ _ _ _ _ _ _ _ _ _ _ _ _ \npages\\products_section.py:474: in attribute_groups_test\n    self.assert_word(self.get_success_notification(), \"new item saved successfully\")\nbase\\base_methods.py:54: in assert_word\n    element = self.wait_for_visible(locator, timeout)\nbase\\base_methods.py:15: in wait_for_visible\n    return WebDriverWait(self.driver, timeout).until(EC.visibility_of_element_located(locator))\n_ _ _ _ _ _ _ _ _ _ _ _ _ _ _ _ _ _ _ _ _ _ _ _ _ _ _ _ _ _ _ _ _ _ _ _ _ _ _ _ _ _ _ _ _ _ _ _ _ _ _ _ _ _ _ _ _ _ _ _ _ _ _ _ _ _ _ _ _ _ _ _ _ _ _ _ _ _ _ _ _ _ _ _ _ _ _ _ _ _ _ _ _ _ _ _ _ _ _ _ _ _ _ _ _ _ _ _ _ _ _ _ _ \n\nself = <selenium.webdriver.support.wait.WebDriverWait (session=\"2eab91d0e9a5a04f7d91c502974c8378\")>, method = <function visibility_of_element_located.<locals>._predicate at 0x0000020A5C1A2FC0>, message = ''\n\n    def until(self, method: Callable[[D], Union[Literal[False], T]], message: str = \"\") -> T:\n        \"\"\"Calls the method provided with the driver as an argument until the \\\n        return value does not evaluate to ``False``.\n    \n        :param method: callable(WebDriver)\n        :param message: optional message for :exc:`TimeoutException`\n        :returns: the result of the last call to `method`\n        :raises: :exc:`selenium.common.exceptions.TimeoutException` if timeout occurs\n        \"\"\"\n        screen = None\n        stacktrace = None\n    \n        end_time = time.monotonic() + self._timeout\n        while True:\n            try:\n                value = method(self._driver)\n                if value:\n                    return value\n            except self._ignored_exceptions as exc:\n                screen = getattr(exc, \"screen\", None)\n                stacktrace = getattr(exc, \"stacktrace\", None)\n            if time.monotonic() > end_time:\n                break\n            time.sleep(self._poll)\n>       raise TimeoutException(message, screen, stacktrace)\nE       selenium.common.exceptions.TimeoutException: Message: \nE       Stacktrace:\nE       \tGetHandleVerifier [0x0xab3763+63299]\nE       \tGetHandleVerifier [0x0xab37a4+63364]\nE       \t(No symbol) [0x0x8e1113]\nE       \t(No symbol) [0x0x92987e]\nE       \t(No symbol) [0x0x929c1b]\nE       \t(No symbol) [0x0x972212]\nE       \t(No symbol) [0x0x94e5c4]\nE       \t(No symbol) [0x0x96fa4a]\nE       \t(No symbol) [0x0x94e376]\nE       \t(No symbol) [0x0x91d6e0]\nE       \t(No symbol) [0x0x91e544]\nE       \tGetHandleVerifier [0x0xd0e033+2531347]\nE       \tGetHandleVerifier [0x0xd09332+2511634]\nE       \tGetHandleVerifier [0x0xad9eda+220858]\nE       \tGetHandleVerifier [0x0xaca528+156936]\nE       \tGetHandleVerifier [0x0xad0c5d+183357]\nE       \tGetHandleVerifier [0x0xabb6c8+95912]\nE       \tGetHandleVerifier [0x0xabb870+96336]\nE       \tGetHandleVerifier [0x0xaa664a+9770]\nE       \tBaseThreadInitThunk [0x0x760a5d49+25]\nE       \tRtlInitializeExceptionChain [0x0x772dd09b+107]\nE       \tRtlGetAppContainerNamedObjectPath [0x0x772dd021+561]\n\n..\\.venv\\Lib\\site-packages\\selenium\\webdriver\\support\\wait.py:105: TimeoutException"}, "description": "Test products section", "steps": [{"name": "attribute groups test", "status": "broken", "statusDetails": {"message": "selenium.common.exceptions.TimeoutException: Message: \nStacktrace:\n\tGetHandleVerifier [0x0xab3763+63299]\n\tGetHandleVerifier [0x0xab37a4+63364]\n\t(No symbol) [0x0x8e1113]\n\t(No symbol) [0x0x92987e]\n\t(No symbol) [0x0x929c1b]\n\t(No symbol) [0x0x972212]\n\t(No symbol) [0x0x94e5c4]\n\t(No symbol) [0x0x96fa4a]\n\t(No symbol) [0x0x94e376]\n\t(No symbol) [0x0x91d6e0]\n\t(No symbol) [0x0x91e544]\n\tGetHandleVerifier [0x0xd0e033+2531347]\n\tGetHandleVerifier [0x0xd09332+2511634]\n\tGetHandleVerifier [0x0xad9eda+220858]\n\tGetHandleVerifier [0x0xaca528+156936]\n\tGetHandleVerifier [0x0xad0c5d+183357]\n\tGetHandleVerifier [0x0xabb6c8+95912]\n\tGetHandleVerifier [0x0xabb870+96336]\n\tGetHandleVerifier [0x0xaa664a+9770]\n\tBaseThreadInitThunk [0x0x760a5d49+25]\n\tRtlInitializeExceptionChain [0x0x772dd09b+107]\n\tRtlGetAppContainerNamedObjectPath [0x0x772dd021+561]\n\n", "trace": "  File \"C:\\Users\\PC\\PycharmProjects\\pythonProject\\Clearbuy-regression_tests\\pages\\products_section.py\", line 474, in attribute_groups_test\n    self.assert_word(self.get_success_notification(), \"new item saved successfully\")\n  File \"C:\\Users\\PC\\PycharmProjects\\pythonProject\\Clearbuy-regression_tests\\base\\base_methods.py\", line 54, in assert_word\n    element = self.wait_for_visible(locator, timeout)\n              ^^^^^^^^^^^^^^^^^^^^^^^^^^^^^^^^^^^^^^^\n  File \"C:\\Users\\PC\\PycharmProjects\\pythonProject\\Clearbuy-regression_tests\\base\\base_methods.py\", line 15, in wait_for_visible\n    return WebDriverWait(self.driver, timeout).until(EC.visibility_of_element_located(locator))\n           ^^^^^^^^^^^^^^^^^^^^^^^^^^^^^^^^^^^^^^^^^^^^^^^^^^^^^^^^^^^^^^^^^^^^^^^^^^^^^^^^^^^^\n  File \"C:\\Users\\PC\\PycharmProjects\\pythonProject\\.venv\\Lib\\site-packages\\selenium\\webdriver\\support\\wait.py\", line 105, in until\n    raise TimeoutException(message, screen, stacktrace)\n"}, "start": 1749208579009, "stop": 1749208610592}], "attachments": [{"name": "stdout", "source": "1cb26ec6-5f0c-4389-abb9-b3543f5bb223-attachment.txt", "type": "text/plain"}], "start": 1749208579009, "stop": 1749208610593, "uuid": "39691a62-4efa-44fc-90b6-4c0f56f90162", "historyId": "6d0bc6454cf6c2d3bcf8cc643af478b8", "testCaseId": "6d0bc6454cf6c2d3bcf8cc643af478b8", "fullName": "tests.test_clearbuy#test_products_section", "labels": [{"name": "parentSuite", "value": "tests"}, {"name": "suite", "value": "test_clearbuy"}, {"name": "host", "value": "DESKTOP-CNNS4HO"}, {"name": "thread", "value": "11300-MainThread"}, {"name": "framework", "value": "pytest"}, {"name": "language", "value": "cpython3"}, {"name": "package", "value": "tests.test_clearbuy"}]}