{"name": "test_other_section", "status": "broken", "statusDetails": {"message": "selenium.common.exceptions.StaleElementReferenceException: Message: stale element reference: stale element not found\n  (Session info: chrome=137.0.7151.69); For documentation on this error, please visit: https://www.selenium.dev/documentation/webdriver/troubleshooting/errors#stale-element-reference-exception\nStacktrace:\n\tGetHandleVerifier [0x0xab3763+63299]\n\tGetHandleVerifier [0x0xab37a4+63364]\n\t(No symbol) [0x0x8e1113]\n\t(No symbol) [0x0x8f2c01]\n\t(No symbol) [0x0x8f1ce0]\n\t(No symbol) [0x0x8e83d2]\n\t(No symbol) [0x0x8e68d1]\n\t(No symbol) [0x0x8e9c4a]\n\t(No symbol) [0x0x8e9cc7]\n\t(No symbol) [0x0x92b54a]\n\t(No symbol) [0x0x91f3ca]\n\t(No symbol) [0x0x94e57c]\n\t(No symbol) [0x0x91eed4]\n\t(No symbol) [0x0x94e7f4]\n\t(No symbol) [0x0x96fa4a]\n\t(No symbol) [0x0x94e376]\n\t(No symbol) [0x0x91d6e0]\n\t(No symbol) [0x0x91e544]\n\tGetHandleVerifier [0x0xd0e033+2531347]\n\tGetHandleVerifier [0x0xd09332+2511634]\n\tGetHandleVerifier [0x0xad9eda+220858]\n\tGetHandleVerifier [0x0xaca528+156936]\n\tGetHandleVerifier [0x0xad0c5d+183357]\n\tGetHandleVerifier [0x0xabb6c8+95912]\n\tGetHandleVerifier [0x0xabb870+96336]\n\tGetHandleVerifier [0x0xaa664a+9770]\n\tBaseThreadInitThunk [0x0x760a5d49+25]\n\tRtlInitializeExceptionChain [0x0x772dd09b+107]\n\tRtlGetAppContainerNamedObjectPath [0x0x772dd021+561]", "trace": "driver = <selenium.webdriver.chrome.webdriver.WebDriver (session=\"de3beeb43a9057d3a06f7345b7dc5719\")>\n\n    @allure.description(\"Test other section\")\n    def test_other_section(driver):\n        print(\"Start checking other section\")\n        ots = OtherSectionSteps(driver)\n        ots.other_tab_test()\n        ots.app_stores_tab_test()\n        ots.brands_tab_test()\n        ots.countries_tab_test()\n        ots.currencies_tab_test()\n>       ots.measure_tab_test()\n\ntests\\test_clearbuy.py:63: \n_ _ _ _ _ _ _ _ _ _ _ _ _ _ _ _ _ _ _ _ _ _ _ _ _ _ _ _ _ _ _ _ _ _ _ _ _ _ _ _ _ _ _ _ _ _ _ _ _ _ _ _ _ _ _ _ _ _ _ _ _ _ _ _ _ _ _ _ _ _ _ _ _ _ _ _ _ _ _ _ _ _ _ _ _ _ _ _ _ _ _ _ _ _ _ _ _ _ _ _ _ _ _ _ _ _ _ _ _ _ _ _ _ \npages\\other_section.py:453: in measure_tab_test\n    self.click_get_measure()\npages\\other_section.py:309: in click_get_measure\n    self.get_measure().click()\n..\\.venv\\Lib\\site-packages\\selenium\\webdriver\\remote\\webelement.py:94: in click\n    self._execute(Command.CLICK_ELEMENT)\n..\\.venv\\Lib\\site-packages\\selenium\\webdriver\\remote\\webelement.py:395: in _execute\n    return self._parent.execute(command, params)\n..\\.venv\\Lib\\site-packages\\selenium\\webdriver\\remote\\webdriver.py:380: in execute\n    self.error_handler.check_response(response)\n_ _ _ _ _ _ _ _ _ _ _ _ _ _ _ _ _ _ _ _ _ _ _ _ _ _ _ _ _ _ _ _ _ _ _ _ _ _ _ _ _ _ _ _ _ _ _ _ _ _ _ _ _ _ _ _ _ _ _ _ _ _ _ _ _ _ _ _ _ _ _ _ _ _ _ _ _ _ _ _ _ _ _ _ _ _ _ _ _ _ _ _ _ _ _ _ _ _ _ _ _ _ _ _ _ _ _ _ _ _ _ _ _ \n\nself = <selenium.webdriver.remote.errorhandler.ErrorHandler object at 0x0000028925BD5040>\nresponse = {'status': 404, 'value': '{\"value\":{\"error\":\"stale element reference\",\"message\":\"stale element reference: stale elemen...]\\\\n\\\\tRtlInitializeExceptionChain [0x0x772dd09b+107]\\\\n\\\\tRtlGetAppContainerNamedObjectPath [0x0x772dd021+561]\\\\n\"}}'}\n\n    def check_response(self, response: Dict[str, Any]) -> None:\n        \"\"\"Checks that a JSON response from the WebDriver does not have an\n        error.\n    \n        :Args:\n         - response - The JSON response from the WebDriver server as a dictionary\n           object.\n    \n        :Raises: If the response contains an error message.\n        \"\"\"\n        status = response.get(\"status\", None)\n        if not status or status == ErrorCode.SUCCESS:\n            return\n        value = None\n        message = response.get(\"message\", \"\")\n        screen: str = response.get(\"screen\", \"\")\n        stacktrace = None\n        if isinstance(status, int):\n            value_json = response.get(\"value\", None)\n            if value_json and isinstance(value_json, str):\n                import json\n    \n                try:\n                    value = json.loads(value_json)\n                    if len(value) == 1:\n                        value = value[\"value\"]\n                    status = value.get(\"error\", None)\n                    if not status:\n                        status = value.get(\"status\", ErrorCode.UNKNOWN_ERROR)\n                        message = value.get(\"value\") or value.get(\"message\")\n                        if not isinstance(message, str):\n                            value = message\n                            message = message.get(\"message\")\n                    else:\n                        message = value.get(\"message\", None)\n                except ValueError:\n                    pass\n    \n        exception_class: Type[WebDriverException]\n        e = ErrorCode()\n        error_codes = [item for item in dir(e) if not item.startswith(\"__\")]\n        for error_code in error_codes:\n            error_info = getattr(ErrorCode, error_code)\n            if isinstance(error_info, list) and status in error_info:\n                exception_class = getattr(ExceptionMapping, error_code, WebDriverException)\n                break\n        else:\n            exception_class = WebDriverException\n    \n        if not value:\n            value = response[\"value\"]\n        if isinstance(value, str):\n            raise exception_class(value)\n        if message == \"\" and \"message\" in value:\n            message = value[\"message\"]\n    \n        screen = None  # type: ignore[assignment]\n        if \"screen\" in value:\n            screen = value[\"screen\"]\n    \n        stacktrace = None\n        st_value = value.get(\"stackTrace\") or value.get(\"stacktrace\")\n        if st_value:\n            if isinstance(st_value, str):\n                stacktrace = st_value.split(\"\\n\")\n            else:\n                stacktrace = []\n                try:\n                    for frame in st_value:\n                        line = frame.get(\"lineNumber\", \"\")\n                        file = frame.get(\"fileName\", \"<anonymous>\")\n                        if line:\n                            file = f\"{file}:{line}\"\n                        meth = frame.get(\"methodName\", \"<anonymous>\")\n                        if \"className\" in frame:\n                            meth = f\"{frame['className']}.{meth}\"\n                        msg = \"    at %s (%s)\"\n                        msg = msg % (meth, file)\n                        stacktrace.append(msg)\n                except TypeError:\n                    pass\n        if exception_class == UnexpectedAlertPresentException:\n            alert_text = None\n            if \"data\" in value:\n                alert_text = value[\"data\"].get(\"text\")\n            elif \"alert\" in value:\n                alert_text = value[\"alert\"].get(\"text\")\n            raise exception_class(message, screen, stacktrace, alert_text)  # type: ignore[call-arg]  # mypy is not smart enough here\n>       raise exception_class(message, screen, stacktrace)\nE       selenium.common.exceptions.StaleElementReferenceException: Message: stale element reference: stale element not found\nE         (Session info: chrome=137.0.7151.69); For documentation on this error, please visit: https://www.selenium.dev/documentation/webdriver/troubleshooting/errors#stale-element-reference-exception\nE       Stacktrace:\nE       \tGetHandleVerifier [0x0xab3763+63299]\nE       \tGetHandleVerifier [0x0xab37a4+63364]\nE       \t(No symbol) [0x0x8e1113]\nE       \t(No symbol) [0x0x8f2c01]\nE       \t(No symbol) [0x0x8f1ce0]\nE       \t(No symbol) [0x0x8e83d2]\nE       \t(No symbol) [0x0x8e68d1]\nE       \t(No symbol) [0x0x8e9c4a]\nE       \t(No symbol) [0x0x8e9cc7]\nE       \t(No symbol) [0x0x92b54a]\nE       \t(No symbol) [0x0x91f3ca]\nE       \t(No symbol) [0x0x94e57c]\nE       \t(No symbol) [0x0x91eed4]\nE       \t(No symbol) [0x0x94e7f4]\nE       \t(No symbol) [0x0x96fa4a]\nE       \t(No symbol) [0x0x94e376]\nE       \t(No symbol) [0x0x91d6e0]\nE       \t(No symbol) [0x0x91e544]\nE       \tGetHandleVerifier [0x0xd0e033+2531347]\nE       \tGetHandleVerifier [0x0xd09332+2511634]\nE       \tGetHandleVerifier [0x0xad9eda+220858]\nE       \tGetHandleVerifier [0x0xaca528+156936]\nE       \tGetHandleVerifier [0x0xad0c5d+183357]\nE       \tGetHandleVerifier [0x0xabb6c8+95912]\nE       \tGetHandleVerifier [0x0xabb870+96336]\nE       \tGetHandleVerifier [0x0xaa664a+9770]\nE       \tBaseThreadInitThunk [0x0x760a5d49+25]\nE       \tRtlInitializeExceptionChain [0x0x772dd09b+107]\nE       \tRtlGetAppContainerNamedObjectPath [0x0x772dd021+561]\n\n..\\.venv\\Lib\\site-packages\\selenium\\webdriver\\remote\\errorhandler.py:229: StaleElementReferenceException"}, "description": "Test other section", "steps": [{"name": "other tab test", "status": "passed", "start": 1749210916050, "stop": 1749210922838}, {"name": "app stores test", "status": "passed", "start": 1749210922838, "stop": 1749210928309}, {"name": "brands tab test", "status": "passed", "start": 1749210928309, "stop": 1749210936902}, {"name": "countries tab test", "status": "passed", "start": 1749210936902, "stop": 1749210942091}, {"name": " currencies tab test", "status": "passed", "start": 1749210942091, "stop": 1749210945346}, {"name": "measure tab test", "status": "broken", "statusDetails": {"message": "selenium.common.exceptions.StaleElementReferenceException: Message: stale element reference: stale element not found\n  (Session info: chrome=137.0.7151.69); For documentation on this error, please visit: https://www.selenium.dev/documentation/webdriver/troubleshooting/errors#stale-element-reference-exception\nStacktrace:\n\tGetHandleVerifier [0x0xab3763+63299]\n\tGetHandleVerifier [0x0xab37a4+63364]\n\t(No symbol) [0x0x8e1113]\n\t(No symbol) [0x0x8f2c01]\n\t(No symbol) [0x0x8f1ce0]\n\t(No symbol) [0x0x8e83d2]\n\t(No symbol) [0x0x8e68d1]\n\t(No symbol) [0x0x8e9c4a]\n\t(No symbol) [0x0x8e9cc7]\n\t(No symbol) [0x0x92b54a]\n\t(No symbol) [0x0x91f3ca]\n\t(No symbol) [0x0x94e57c]\n\t(No symbol) [0x0x91eed4]\n\t(No symbol) [0x0x94e7f4]\n\t(No symbol) [0x0x96fa4a]\n\t(No symbol) [0x0x94e376]\n\t(No symbol) [0x0x91d6e0]\n\t(No symbol) [0x0x91e544]\n\tGetHandleVerifier [0x0xd0e033+2531347]\n\tGetHandleVerifier [0x0xd09332+2511634]\n\tGetHandleVerifier [0x0xad9eda+220858]\n\tGetHandleVerifier [0x0xaca528+156936]\n\tGetHandleVerifier [0x0xad0c5d+183357]\n\tGetHandleVerifier [0x0xabb6c8+95912]\n\tGetHandleVerifier [0x0xabb870+96336]\n\tGetHandleVerifier [0x0xaa664a+9770]\n\tBaseThreadInitThunk [0x0x760a5d49+25]\n\tRtlInitializeExceptionChain [0x0x772dd09b+107]\n\tRtlGetAppContainerNamedObjectPath [0x0x772dd021+561]\n\n", "trace": "  File \"C:\\Users\\PC\\PycharmProjects\\pythonProject\\Clearbuy-regression_tests\\pages\\other_section.py\", line 453, in measure_tab_test\n    self.click_get_measure()\n  File \"C:\\Users\\PC\\PycharmProjects\\pythonProject\\Clearbuy-regression_tests\\pages\\other_section.py\", line 309, in click_get_measure\n    self.get_measure().click()\n  File \"C:\\Users\\PC\\PycharmProjects\\pythonProject\\.venv\\Lib\\site-packages\\selenium\\webdriver\\remote\\webelement.py\", line 94, in click\n    self._execute(Command.CLICK_ELEMENT)\n  File \"C:\\Users\\PC\\PycharmProjects\\pythonProject\\.venv\\Lib\\site-packages\\selenium\\webdriver\\remote\\webelement.py\", line 395, in _execute\n    return self._parent.execute(command, params)\n           ^^^^^^^^^^^^^^^^^^^^^^^^^^^^^^^^^^^^^\n  File \"C:\\Users\\PC\\PycharmProjects\\pythonProject\\.venv\\Lib\\site-packages\\selenium\\webdriver\\remote\\webdriver.py\", line 380, in execute\n    self.error_handler.check_response(response)\n  File \"C:\\Users\\PC\\PycharmProjects\\pythonProject\\.venv\\Lib\\site-packages\\selenium\\webdriver\\remote\\errorhandler.py\", line 229, in check_response\n    raise exception_class(message, screen, stacktrace)\n"}, "start": 1749210945346, "stop": 1749210946265}], "attachments": [{"name": "stdout", "source": "403c0a59-1b19-41b2-9998-2e7031623cad-attachment.txt", "type": "text/plain"}], "start": 1749210916050, "stop": 1749210946267, "uuid": "a6828c02-3a6e-4792-b83c-f1723e64997e", "historyId": "eabd202b7794d5317de0af2c97bcb909", "testCaseId": "eabd202b7794d5317de0af2c97bcb909", "fullName": "tests.test_clearbuy#test_other_section", "labels": [{"name": "parentSuite", "value": "tests"}, {"name": "suite", "value": "test_clearbuy"}, {"name": "host", "value": "DESKTOP-CNNS4HO"}, {"name": "thread", "value": "14428-MainThread"}, {"name": "framework", "value": "pytest"}, {"name": "language", "value": "cpython3"}, {"name": "package", "value": "tests.test_clearbuy"}]}