{"name": "test_products_section", "status": "failed", "statusDetails": {"message": "AssertionError", "trace": "driver = <selenium.webdriver.chrome.webdriver.WebDriver (session=\"ba3fd67bfe05c3c195d06eeb40118b2a\")>\n\n    @allure.description(\"Test products section\")\n    def test_products_section(driver):\n        print(\"Start checking products section\")\n        mp = MainPage(driver)\n        mp.authorization()\n        mp.attribute_groups_test()\n        mp.attributes_tab_test()\n        mp.ratings_tab_test()\n        mp.categories_tab_test()\n        mp.products_tab_test()\n        mp.deals_tab_test()\n>       mp.faq_tab_test()\n\ntests\\clearbuy_tests.py:21: \n_ _ _ _ _ _ _ _ _ _ _ _ _ _ _ _ _ _ _ _ _ _ _ _ _ _ _ _ _ _ _ _ _ _ _ _ _ _ _ _ _ _ _ _ _ _ _ _ _ _ _ _ _ _ _ _ _ _ _ _ _ _ _ _ _ _ _ _ _ _ _ _ _ _ _ _ _ _ _ _ _ _ _ _ _ _ _ _ _ _ _ _ _ _ _ _ _ _ _ _ _ _ _ _ _ _ _ _ _ _ _ _ _ _\npages\\products_section.py:579: in faq_tab_test\n    self.assert_word(self.get_success_notification(), \"faq_tab_test\")\n_ _ _ _ _ _ _ _ _ _ _ _ _ _ _ _ _ _ _ _ _ _ _ _ _ _ _ _ _ _ _ _ _ _ _ _ _ _ _ _ _ _ _ _ _ _ _ _ _ _ _ _ _ _ _ _ _ _ _ _ _ _ _ _ _ _ _ _ _ _ _ _ _ _ _ _ _ _ _ _ _ _ _ _ _ _ _ _ _ _ _ _ _ _ _ _ _ _ _ _ _ _ _ _ _ _ _ _ _ _ _ _ _ _\n\nself = <pages.products_section.MainPage object at 0x000001BBD2049130>\nword = <selenium.webdriver.remote.webelement.WebElement (session=\"ba3fd67bfe05c3c195d06eeb40118b2a\", element=\"f.75E58BDAE8363973819164ADACA3D558.d.5BE5A9DD7BDAA12CA1ED07DD8D9FCFE4.e.3979\")>, result = 'faq_tab_test'\n\n    def assert_word(self, word, result):\n        \"\"\"Checking the text\"\"\"\n        value_word = word.text\n>       assert value_word == result\nE       AssertionError\n\nbase\\base_methods.py:34: AssertionError"}, "description": "Test products section", "steps": [{"name": "attribute groups test", "status": "passed", "start": 1746789984414, "stop": 1746789987367}, {"name": "attribute tab test", "status": "passed", "start": 1746789987367, "stop": 1746789991598}, {"name": "ratings tab test", "status": "passed", "start": 1746789991598, "stop": 1746789995398}, {"name": "categories tab test", "status": "passed", "start": 1746789995398, "stop": 1746790000757}, {"name": "products tab test", "status": "passed", "start": 1746790000757, "stop": 1746790037623}, {"name": "deals tab test", "status": "passed", "start": 1746790037623, "stop": 1746790046674}, {"name": "faq tab test", "status": "failed", "statusDetails": {"message": "AssertionError\n", "trace": "  File \"C:\\Users\\PC\\PycharmProjects\\pythonProject\\Clearbuy-regression_tests\\pages\\products_section.py\", line 579, in faq_tab_test\n    self.assert_word(self.get_success_notification(), \"faq_tab_test\")\n  File \"C:\\Users\\PC\\PycharmProjects\\pythonProject\\Clearbuy-regression_tests\\base\\base_methods.py\", line 34, in assert_word\n    assert value_word == result\n           ^^^^^^^^^^^^^^^^^^^^\n"}, "start": 1746790046674, "stop": 1746790053540}], "attachments": [{"name": "stdout", "source": "c87c1941-a0a3-40b3-804a-eef001b654c9-attachment.txt", "type": "text/plain"}], "start": 1746789977623, "stop": 1746790053541, "uuid": "d1f4d4d1-19ee-4874-acca-1a9d9d07434b", "historyId": "1f6718d5664c3636cc960771042c3783", "testCaseId": "1f6718d5664c3636cc960771042c3783", "fullName": "tests.clearbuy_tests#test_products_section", "labels": [{"name": "parentSuite", "value": "tests"}, {"name": "suite", "value": "clearbuy_tests"}, {"name": "host", "value": "DESKTOP-CNNS4HO"}, {"name": "thread", "value": "9052-MainThread"}, {"name": "framework", "value": "pytest"}, {"name": "language", "value": "cpython3"}, {"name": "package", "value": "tests.clearbuy_tests"}]}