{"name": "test_other_section", "status": "broken", "statusDetails": {"message": "selenium.common.exceptions.StaleElementReferenceException: Message: stale element reference: stale element not found\n  (Session info: chrome=137.0.7151.56); For documentation on this error, please visit: https://www.selenium.dev/documentation/webdriver/troubleshooting/errors#stale-element-reference-exception\nStacktrace:\n\tGetHandleVerifier [0x0x1113763+63299]\n\tGetHandleVerifier [0x0x11137a4+63364]\n\t(No symbol) [0x0xf41113]\n\t(No symbol) [0x0xf52c01]\n\t(No symbol) [0x0xf51ce0]\n\t(No symbol) [0x0xf483d2]\n\t(No symbol) [0x0xf468d1]\n\t(No symbol) [0x0xf49c4a]\n\t(No symbol) [0x0xf49cc7]\n\t(No symbol) [0x0xf8b54a]\n\t(No symbol) [0x0xf7f3ca]\n\t(No symbol) [0x0xfae57c]\n\t(No symbol) [0x0xf7eed4]\n\t(No symbol) [0x0xfae7f4]\n\t(No symbol) [0x0xfcfa4a]\n\t(No symbol) [0x0xfae376]\n\t(No symbol) [0x0xf7d6e0]\n\t(No symbol) [0x0xf7e544]\n\tGetHandleVerifier [0x0x136e033+2531347]\n\tGetHandleVerifier [0x0x1369332+2511634]\n\tGetHandleVerifier [0x0x1139eda+220858]\n\tGetHandleVerifier [0x0x112a528+156936]\n\tGetHandleVerifier [0x0x1130c5d+183357]\n\tGetHandleVerifier [0x0x111b6c8+95912]\n\tGetHandleVerifier [0x0x111b870+96336]\n\tGetHandleVerifier [0x0x110664a+9770]\n\tBaseThreadInitThunk [0x0x760a5d49+25]\n\tRtlInitializeExceptionChain [0x0x772dd09b+107]\n\tRtlGetAppContainerNamedObjectPath [0x0x772dd021+561]", "trace": "driver = <selenium.webdriver.chrome.webdriver.WebDriver (session=\"8eb47642b129c86e6b6080bd5c3abcc7\")>\n\n    @allure.description(\"Test other section\")\n    def test_other_section(driver):\n        print(\"Start checking other section\")\n        ots = OtherSection(driver)\n        ots.authorization()\n        ots.other_tab_test()\n        ots.app_stores_tab_test()\n        ots.brands_tab_test()\n        ots.countries_tab_test()\n        ots.currencies_tab_test()\n        ots.measure_tab_test()\n        ots.websites_tab_test()\n        ots.domains_tab_test()\n        ots.badges_tab_test()\n        ots.tags_tab_test()\n>       ots.deal_tags_test()\n\ntests\\test_clearbuy.py:72: \n_ _ _ _ _ _ _ _ _ _ _ _ _ _ _ _ _ _ _ _ _ _ _ _ _ _ _ _ _ _ _ _ _ _ _ _ _ _ _ _ _ _ _ _ _ _ _ _ _ _ _ _ _ _ _ _ _ _ _ _ _ _ _ _ _ _ _ _ _ _ _ _ _ _ _ _ _ _ _ _ _ _ _ _ _ _ _ _ _ _ _ _ _ _ _ _ _ _ _ _ _ _ _ _ _ _ _ _ _ _ _ _ _ \npages\\other_section.py:494: in deal_tags_test\n    self.click_deal_tag()\npages\\other_section.py:345: in click_deal_tag\n    self.get_deal_tag().click()\n..\\.venv\\Lib\\site-packages\\selenium\\webdriver\\remote\\webelement.py:94: in click\n    self._execute(Command.CLICK_ELEMENT)\n..\\.venv\\Lib\\site-packages\\selenium\\webdriver\\remote\\webelement.py:395: in _execute\n    return self._parent.execute(command, params)\n..\\.venv\\Lib\\site-packages\\selenium\\webdriver\\remote\\webdriver.py:380: in execute\n    self.error_handler.check_response(response)\n_ _ _ _ _ _ _ _ _ _ _ _ _ _ _ _ _ _ _ _ _ _ _ _ _ _ _ _ _ _ _ _ _ _ _ _ _ _ _ _ _ _ _ _ _ _ _ _ _ _ _ _ _ _ _ _ _ _ _ _ _ _ _ _ _ _ _ _ _ _ _ _ _ _ _ _ _ _ _ _ _ _ _ _ _ _ _ _ _ _ _ _ _ _ _ _ _ _ _ _ _ _ _ _ _ _ _ _ _ _ _ _ _ \n\nself = <selenium.webdriver.remote.errorhandler.ErrorHandler object at 0x0000024458677380>\nresponse = {'status': 404, 'value': '{\"value\":{\"error\":\"stale element reference\",\"message\":\"stale element reference: stale elemen...]\\\\n\\\\tRtlInitializeExceptionChain [0x0x772dd09b+107]\\\\n\\\\tRtlGetAppContainerNamedObjectPath [0x0x772dd021+561]\\\\n\"}}'}\n\n    def check_response(self, response: Dict[str, Any]) -> None:\n        \"\"\"Checks that a JSON response from the WebDriver does not have an\n        error.\n    \n        :Args:\n         - response - The JSON response from the WebDriver server as a dictionary\n           object.\n    \n        :Raises: If the response contains an error message.\n        \"\"\"\n        status = response.get(\"status\", None)\n        if not status or status == ErrorCode.SUCCESS:\n            return\n        value = None\n        message = response.get(\"message\", \"\")\n        screen: str = response.get(\"screen\", \"\")\n        stacktrace = None\n        if isinstance(status, int):\n            value_json = response.get(\"value\", None)\n            if value_json and isinstance(value_json, str):\n                import json\n    \n                try:\n                    value = json.loads(value_json)\n                    if len(value) == 1:\n                        value = value[\"value\"]\n                    status = value.get(\"error\", None)\n                    if not status:\n                        status = value.get(\"status\", ErrorCode.UNKNOWN_ERROR)\n                        message = value.get(\"value\") or value.get(\"message\")\n                        if not isinstance(message, str):\n                            value = message\n                            message = message.get(\"message\")\n                    else:\n                        message = value.get(\"message\", None)\n                except ValueError:\n                    pass\n    \n        exception_class: Type[WebDriverException]\n        e = ErrorCode()\n        error_codes = [item for item in dir(e) if not item.startswith(\"__\")]\n        for error_code in error_codes:\n            error_info = getattr(ErrorCode, error_code)\n            if isinstance(error_info, list) and status in error_info:\n                exception_class = getattr(ExceptionMapping, error_code, WebDriverException)\n                break\n        else:\n            exception_class = WebDriverException\n    \n        if not value:\n            value = response[\"value\"]\n        if isinstance(value, str):\n            raise exception_class(value)\n        if message == \"\" and \"message\" in value:\n            message = value[\"message\"]\n    \n        screen = None  # type: ignore[assignment]\n        if \"screen\" in value:\n            screen = value[\"screen\"]\n    \n        stacktrace = None\n        st_value = value.get(\"stackTrace\") or value.get(\"stacktrace\")\n        if st_value:\n            if isinstance(st_value, str):\n                stacktrace = st_value.split(\"\\n\")\n            else:\n                stacktrace = []\n                try:\n                    for frame in st_value:\n                        line = frame.get(\"lineNumber\", \"\")\n                        file = frame.get(\"fileName\", \"<anonymous>\")\n                        if line:\n                            file = f\"{file}:{line}\"\n                        meth = frame.get(\"methodName\", \"<anonymous>\")\n                        if \"className\" in frame:\n                            meth = f\"{frame['className']}.{meth}\"\n                        msg = \"    at %s (%s)\"\n                        msg = msg % (meth, file)\n                        stacktrace.append(msg)\n                except TypeError:\n                    pass\n        if exception_class == UnexpectedAlertPresentException:\n            alert_text = None\n            if \"data\" in value:\n                alert_text = value[\"data\"].get(\"text\")\n            elif \"alert\" in value:\n                alert_text = value[\"alert\"].get(\"text\")\n            raise exception_class(message, screen, stacktrace, alert_text)  # type: ignore[call-arg]  # mypy is not smart enough here\n>       raise exception_class(message, screen, stacktrace)\nE       selenium.common.exceptions.StaleElementReferenceException: Message: stale element reference: stale element not found\nE         (Session info: chrome=137.0.7151.56); For documentation on this error, please visit: https://www.selenium.dev/documentation/webdriver/troubleshooting/errors#stale-element-reference-exception\nE       Stacktrace:\nE       \tGetHandleVerifier [0x0x1113763+63299]\nE       \tGetHandleVerifier [0x0x11137a4+63364]\nE       \t(No symbol) [0x0xf41113]\nE       \t(No symbol) [0x0xf52c01]\nE       \t(No symbol) [0x0xf51ce0]\nE       \t(No symbol) [0x0xf483d2]\nE       \t(No symbol) [0x0xf468d1]\nE       \t(No symbol) [0x0xf49c4a]\nE       \t(No symbol) [0x0xf49cc7]\nE       \t(No symbol) [0x0xf8b54a]\nE       \t(No symbol) [0x0xf7f3ca]\nE       \t(No symbol) [0x0xfae57c]\nE       \t(No symbol) [0x0xf7eed4]\nE       \t(No symbol) [0x0xfae7f4]\nE       \t(No symbol) [0x0xfcfa4a]\nE       \t(No symbol) [0x0xfae376]\nE       \t(No symbol) [0x0xf7d6e0]\nE       \t(No symbol) [0x0xf7e544]\nE       \tGetHandleVerifier [0x0x136e033+2531347]\nE       \tGetHandleVerifier [0x0x1369332+2511634]\nE       \tGetHandleVerifier [0x0x1139eda+220858]\nE       \tGetHandleVerifier [0x0x112a528+156936]\nE       \tGetHandleVerifier [0x0x1130c5d+183357]\nE       \tGetHandleVerifier [0x0x111b6c8+95912]\nE       \tGetHandleVerifier [0x0x111b870+96336]\nE       \tGetHandleVerifier [0x0x110664a+9770]\nE       \tBaseThreadInitThunk [0x0x760a5d49+25]\nE       \tRtlInitializeExceptionChain [0x0x772dd09b+107]\nE       \tRtlGetAppContainerNamedObjectPath [0x0x772dd021+561]\n\n..\\.venv\\Lib\\site-packages\\selenium\\webdriver\\remote\\errorhandler.py:229: StaleElementReferenceException"}, "description": "Test other section", "steps": [{"name": "other tab test", "status": "passed", "start": 1749113974688, "stop": 1749113980586}, {"name": "app stores test", "status": "passed", "start": 1749113980586, "stop": 1749113985246}, {"name": "brands tab test", "status": "passed", "start": 1749113985246, "stop": 1749113990529}, {"name": "countries tab test", "status": "passed", "start": 1749113990529, "stop": 1749113995187}, {"name": " currencies tab test", "status": "passed", "start": 1749113995187, "stop": 1749113998441}, {"name": "measure tab test", "status": "passed", "start": 1749113998441, "stop": 1749114001988}, {"name": "websites tab test", "status": "passed", "start": 1749114001988, "stop": 1749114008130}, {"name": "domains tab test", "status": "passed", "start": 1749114008130, "stop": 1749114011112}, {"name": "badges tab test", "status": "passed", "start": 1749114011112, "stop": 1749114016906}, {"name": "tags tab test", "status": "passed", "start": 1749114016906, "stop": 1749114020323}, {"name": "deal tags test", "status": "broken", "statusDetails": {"message": "selenium.common.exceptions.StaleElementReferenceException: Message: stale element reference: stale element not found\n  (Session info: chrome=137.0.7151.56); For documentation on this error, please visit: https://www.selenium.dev/documentation/webdriver/troubleshooting/errors#stale-element-reference-exception\nStacktrace:\n\tGetHandleVerifier [0x0x1113763+63299]\n\tGetHandleVerifier [0x0x11137a4+63364]\n\t(No symbol) [0x0xf41113]\n\t(No symbol) [0x0xf52c01]\n\t(No symbol) [0x0xf51ce0]\n\t(No symbol) [0x0xf483d2]\n\t(No symbol) [0x0xf468d1]\n\t(No symbol) [0x0xf49c4a]\n\t(No symbol) [0x0xf49cc7]\n\t(No symbol) [0x0xf8b54a]\n\t(No symbol) [0x0xf7f3ca]\n\t(No symbol) [0x0xfae57c]\n\t(No symbol) [0x0xf7eed4]\n\t(No symbol) [0x0xfae7f4]\n\t(No symbol) [0x0xfcfa4a]\n\t(No symbol) [0x0xfae376]\n\t(No symbol) [0x0xf7d6e0]\n\t(No symbol) [0x0xf7e544]\n\tGetHandleVerifier [0x0x136e033+2531347]\n\tGetHandleVerifier [0x0x1369332+2511634]\n\tGetHandleVerifier [0x0x1139eda+220858]\n\tGetHandleVerifier [0x0x112a528+156936]\n\tGetHandleVerifier [0x0x1130c5d+183357]\n\tGetHandleVerifier [0x0x111b6c8+95912]\n\tGetHandleVerifier [0x0x111b870+96336]\n\tGetHandleVerifier [0x0x110664a+9770]\n\tBaseThreadInitThunk [0x0x760a5d49+25]\n\tRtlInitializeExceptionChain [0x0x772dd09b+107]\n\tRtlGetAppContainerNamedObjectPath [0x0x772dd021+561]\n\n", "trace": "  File \"C:\\Users\\PC\\PycharmProjects\\pythonProject\\Clearbuy-regression_tests\\pages\\other_section.py\", line 494, in deal_tags_test\n    self.click_deal_tag()\n  File \"C:\\Users\\PC\\PycharmProjects\\pythonProject\\Clearbuy-regression_tests\\pages\\other_section.py\", line 345, in click_deal_tag\n    self.get_deal_tag().click()\n  File \"C:\\Users\\PC\\PycharmProjects\\pythonProject\\.venv\\Lib\\site-packages\\selenium\\webdriver\\remote\\webelement.py\", line 94, in click\n    self._execute(Command.CLICK_ELEMENT)\n  File \"C:\\Users\\PC\\PycharmProjects\\pythonProject\\.venv\\Lib\\site-packages\\selenium\\webdriver\\remote\\webelement.py\", line 395, in _execute\n    return self._parent.execute(command, params)\n           ^^^^^^^^^^^^^^^^^^^^^^^^^^^^^^^^^^^^^\n  File \"C:\\Users\\PC\\PycharmProjects\\pythonProject\\.venv\\Lib\\site-packages\\selenium\\webdriver\\remote\\webdriver.py\", line 380, in execute\n    self.error_handler.check_response(response)\n  File \"C:\\Users\\PC\\PycharmProjects\\pythonProject\\.venv\\Lib\\site-packages\\selenium\\webdriver\\remote\\errorhandler.py\", line 229, in check_response\n    raise exception_class(message, screen, stacktrace)\n"}, "start": 1749114020323, "stop": 1749114021172}], "attachments": [{"name": "Test Log", "source": "4588a6e8-f060-400a-b2a0-87100c28796e-attachment.txt", "type": "text/plain"}, {"name": "Screenshot on Failure", "source": "73a457d3-b4f4-44ac-93eb-d07043210cd7-attachment.png", "type": "image/png"}, {"name": "stdout", "source": "df261c01-df52-4a3a-8e60-8e9cb9005463-attachment.txt", "type": "text/plain"}], "start": 1749113967298, "stop": 1749114021181, "uuid": "d54a731f-f4e0-460d-9575-e4be23fa7c22", "historyId": "eabd202b7794d5317de0af2c97bcb909", "testCaseId": "eabd202b7794d5317de0af2c97bcb909", "fullName": "tests.test_clearbuy#test_other_section", "labels": [{"name": "parentSuite", "value": "tests"}, {"name": "suite", "value": "test_clearbuy"}, {"name": "host", "value": "DESKTOP-CNNS4HO"}, {"name": "thread", "value": "7268-MainThread"}, {"name": "framework", "value": "pytest"}, {"name": "language", "value": "cpython3"}, {"name": "package", "value": "tests.test_clearbuy"}]}